<?xml version="1.0" encoding="UTF-8"?>
<testsuite name="ghost.AppTest" tests="1" skipped="0" failures="0" errors="0" timestamp="2020-11-22T12:41:51" hostname="192-168-1-108.tpgi.com.au" time="0.003">
  <properties/>
  <testcase name="simpleTest()" classname="ghost.AppTest" time="0.003"/>
  <system-out><![CDATA[]]></system-out>
  <system-err><![CDATA[]]></system-err>
</testsuite>
