<?xml version="1.0" encoding="UTF-8"?>
<testsuite name="ghost.StopperTest" tests="4" skipped="0" failures="0" errors="0" timestamp="2020-11-22T12:41:54" hostname="192-168-1-108.tpgi.com.au" time="5.44">
  <properties/>
  <testcase name="testStopLose()" classname="ghost.StopperTest" time="1.182"/>
  <testcase name="testNotWin()" classname="ghost.StopperTest" time="1.097"/>
  <testcase name="testNotLose()" classname="ghost.StopperTest" time="2.061"/>
  <testcase name="testStopWin()" classname="ghost.StopperTest" time="1.095"/>
  <system-out><![CDATA[]]></system-out>
  <system-err><![CDATA[java.lang.NullPointerException
	at processing.core.PGraphics.image(PGraphics.java:3770)
	at processing.core.PApplet.image(PApplet.java:12611)
	at ghost.Waka.draw(Waka.java:59)
	at ghost.App.draw(App.java:100)
	at processing.core.PApplet.handleDraw(PApplet.java:2426)
	at processing.awt.PSurfaceAWT$12.callDraw(PSurfaceAWT.java:1557)
	at processing.core.PSurfaceNone$AnimationThread.run(PSurfaceNone.java:316)
]]></system-err>
</testsuite>
