<?xml version="1.0" encoding="UTF-8"?>
<testsuite name="ghost.ChaserTest" tests="1" skipped="0" failures="0" errors="0" timestamp="2020-11-22T12:41:50" hostname="192-168-1-108.tpgi.com.au" time="0.047">
  <properties/>
  <testcase name="nonScatterMove()" classname="ghost.ChaserTest" time="0.047"/>
  <system-out><![CDATA[]]></system-out>
  <system-err><![CDATA[]]></system-err>
</testsuite>
