<?xml version="1.0" encoding="UTF-8"?>
<testsuite name="ghost.GhostTest" tests="13" skipped="0" failures="0" errors="0" timestamp="2020-11-22T12:41:51" hostname="192-168-1-108.tpgi.com.au" time="3.108">
  <properties/>
  <testcase name="checkUnimplementedSuperClassMethod()" classname="ghost.GhostTest" time="0.002"/>
  <testcase name="testGhostEatLiveOne()" classname="ghost.GhostTest" time="1.947"/>
  <testcase name="testWhimWithOutChaserNoFrightened()" classname="ghost.GhostTest" time="0.002"/>
  <testcase name="testRandomMove()" classname="ghost.GhostTest" time="0.003"/>
  <testcase name="testSodaGetter()" classname="ghost.GhostTest" time="0.0"/>
  <testcase name="testGhostEat()" classname="ghost.GhostTest" time="1.126"/>
  <testcase name="testWhimWithOutChaser()" classname="ghost.GhostTest" time="0.003"/>
  <testcase name="testIdenity()" classname="ghost.GhostTest" time="0.002"/>
  <testcase name="testGoBack()" classname="ghost.GhostTest" time="0.002"/>
  <testcase name="testGetFrightened()" classname="ghost.GhostTest" time="0.005"/>
  <testcase name="testGenerateClosest()" classname="ghost.GhostTest" time="0.001"/>
  <testcase name="testMoveAccordingToClosest()" classname="ghost.GhostTest" time="0.003"/>
  <testcase name="testCheckReverse()" classname="ghost.GhostTest" time="0.004"/>
  <system-out><![CDATA[]]></system-out>
  <system-err><![CDATA[]]></system-err>
</testsuite>
