<?xml version="1.0" encoding="UTF-8"?>
<testsuite name="ghost.IgnorantTest" tests="2" skipped="0" failures="0" errors="0" timestamp="2020-11-22T12:41:54" hostname="192-168-1-108.tpgi.com.au" time="0.004">
  <properties/>
  <testcase name="testMoveAttracted()" classname="ghost.IgnorantTest" time="0.001"/>
  <testcase name="testMoveNotAttracted()" classname="ghost.IgnorantTest" time="0.002"/>
  <system-out><![CDATA[]]></system-out>
  <system-err><![CDATA[]]></system-err>
</testsuite>
