<?xml version="1.0" encoding="UTF-8"?>
<testsuite name="ghost.GameManagerTest" tests="6" skipped="0" failures="0" errors="0" timestamp="2020-11-22T12:41:59" hostname="192-168-1-108.tpgi.com.au" time="0.004">
  <properties/>
  <testcase name="simpleClass()" classname="ghost.GameManagerTest" time="0.001"/>
  <testcase name="testKeyPressedEdge()" classname="ghost.GameManagerTest" time="0.0"/>
  <testcase name="testKeyPressedNegative()" classname="ghost.GameManagerTest" time="0.0"/>
  <testcase name="testDebugPositive()" classname="ghost.GameManagerTest" time="0.001"/>
  <testcase name="testDebugNegative()" classname="ghost.GameManagerTest" time="0.0"/>
  <testcase name="testKeyPressedNormal()" classname="ghost.GameManagerTest" time="0.0"/>
  <system-out><![CDATA[]]></system-out>
  <system-err><![CDATA[]]></system-err>
</testsuite>
